xuetuAS/app/build/outputs/logs/manifest-merger-debug-report.txt
-- Merging decision tree log ---
manifest
ADDED from src\main\AndroidManifest.xml:2:1-291:12
	package
		ADDED from src\main\AndroidManifest.xml:3:5-24
		INJECTED from src\main\AndroidManifest.xml
		INJECTED from src\main\AndroidManifest.xml
	android:versionName
		ADDED from src\main\AndroidManifest.xml:5:5-30
		INJECTED from src\main\AndroidManifest.xml
		INJECTED from src\main\AndroidManifest.xml
	android:versionCode
		ADDED from src\main\AndroidManifest.xml:4:5-28
		INJECTED from src\main\AndroidManifest.xml
		INJECTED from src\main\AndroidManifest.xml
	xmlns:android
		ADDED from src\main\AndroidManifest.xml:2:11-69
	android:installLocation
		ADDED from src\main\AndroidManifest.xml:5:31-71
uses-sdk
ADDED from src\main\AndroidManifest.xml:7:5-9:41
MERGED from [com.android.support:appcompat-v7:24.2.1] AndroidManifest.xml:21:5-23:78
MERGED from [com.android.support:support-v4:24.2.1] AndroidManifest.xml:21:5-23:54
MERGED from [com.android.support:support-compat:24.2.1] AndroidManifest.xml:21:5-23:58
MERGED from [com.android.support:support-media-compat:24.2.1] AndroidManifest.xml:21:5-23:63
MERGED from [com.android.support:support-core-utils:24.2.1] AndroidManifest.xml:21:5-23:61
MERGED from [com.android.support:support-core-ui:24.2.1] AndroidManifest.xml:21:5-23:58
MERGED from [com.android.support:support-fragment:24.2.1] AndroidManifest.xml:21:5-23:60
MERGED from [com.android.support:support-vector-drawable:24.2.1] AndroidManifest.xml:21:5-43
MERGED from [com.android.support:animated-vector-drawable:24.2.1] AndroidManifest.xml:20:5-44
MERGED from [xuetuAS:sMSSDK:unspecified] AndroidManifest.xml:7:5-9:41
MERGED from [xuetuAS:slideDateTimePicker:unspecified] AndroidManifest.xml:5:5-7:41
	tools:overrideLibrary
		ADDED from [com.android.support:appcompat-v7:24.2.1] AndroidManifest.xml:23:9-75
	android:targetSdkVersion
		ADDED from src\main\AndroidManifest.xml:9:9-38
		INJECTED from src\main\AndroidManifest.xml
		INJECTED from src\main\AndroidManifest.xml
	android:minSdkVersion
		ADDED from src\main\AndroidManifest.xml:8:9-35
		INJECTED from src\main\AndroidManifest.xml
		INJECTED from src\main\AndroidManifest.xml
uses-permission#android.permission.WRITE_EXTERNAL_STORAGE
ADDED from src\main\AndroidManifest.xml:11:5-81
	android:name
		ADDED from src\main\AndroidManifest.xml:11:22-78
uses-permission#android.permission.WRITE_SETTINGS
ADDED from src\main\AndroidManifest.xml:12:5-73
	android:name
		ADDED from src\main\AndroidManifest.xml:12:22-70
uses-permission#android.permission.RECEIVE_BOOT_COMPLETED
ADDED from src\main\AndroidManifest.xml:13:5-81
	android:name
		ADDED from src\main\AndroidManifest.xml:13:22-78
uses-permission#android.permission.VIBRATE
ADDED from src\main\AndroidManifest.xml:14:5-66
	android:name
		ADDED from src\main\AndroidManifest.xml:14:22-63
uses-permission#android.permission.GET_TASKS
ADDED from src\main\AndroidManifest.xml:15:5-68
	android:name
		ADDED from src\main\AndroidManifest.xml:15:22-65
uses-permission#android.permission.ACCESS_WIFI_STATE
ADDED from src\main\AndroidManifest.xml:16:5-76
	android:name
		ADDED from src\main\AndroidManifest.xml:16:22-73
uses-permission#android.permission.ACCESS_NETWORK_STATE
ADDED from src\main\AndroidManifest.xml:17:5-79
	android:name
		ADDED from src\main\AndroidManifest.xml:17:22-76
uses-permission#android.permission.CHANGE_WIFI_STATE
ADDED from src\main\AndroidManifest.xml:18:5-76
	android:name
		ADDED from src\main\AndroidManifest.xml:18:22-73
uses-permission#android.permission.READ_PHONE_STATE
ADDED from src\main\AndroidManifest.xml:19:5-75
	android:name
		ADDED from src\main\AndroidManifest.xml:19:22-72
uses-permission#android.permission.MANAGE_ACCOUNTS
ADDED from src\main\AndroidManifest.xml:20:5-74
	android:name
		ADDED from src\main\AndroidManifest.xml:20:22-71
uses-permission#android.permission.GET_ACCOUNTS
ADDED from src\main\AndroidManifest.xml:21:5-71
	android:name
		ADDED from src\main\AndroidManifest.xml:21:22-68
uses-permission#android.permission.BLUETOOTH
ADDED from src\main\AndroidManifest.xml:22:5-68
	android:name
		ADDED from src\main\AndroidManifest.xml:22:22-65
uses-permission#android.permission.BLUETOOTH_ADMIN
ADDED from src\main\AndroidManifest.xml:23:5-74
	android:name
		ADDED from src\main\AndroidManifest.xml:23:22-71
uses-permission#android.permission.READ_CONTACTS
ADDED from src\main\AndroidManifest.xml:24:5-72
	android:name
		ADDED from src\main\AndroidManifest.xml:24:22-69
uses-permission#android.permission.READ_EXTERNAL_STORAGE
ADDED from src\main\AndroidManifest.xml:25:5-80
	android:name
		ADDED from src\main\AndroidManifest.xml:25:22-77
uses-permission#android.permission.INTERNET
ADDED from src\main\AndroidManifest.xml:26:5-67
	android:name
		ADDED from src\main\AndroidManifest.xml:26:22-64
uses-permission#android.permission.RECEIVE_SMS
ADDED from src\main\AndroidManifest.xml:27:5-70
	android:name
		ADDED from src\main\AndroidManifest.xml:27:22-67
uses-permission#android.permission.ACCESS_FINE_LOCATION
ADDED from src\main\AndroidManifest.xml:28:5-79
	android:name
		ADDED from src\main\AndroidManifest.xml:28:22-76
uses-permission#android.permission.READ_LOGS
ADDED from src\main\AndroidManifest.xml:29:5-68
	android:name
		ADDED from src\main\AndroidManifest.xml:29:22-65
uses-permission#android.permission.CALL_PHONE
ADDED from src\main\AndroidManifest.xml:30:5-69
	android:name
		ADDED from src\main\AndroidManifest.xml:30:22-66
uses-permission#android.permission.ACCESS_COARSE_LOCATION
ADDED from src\main\AndroidManifest.xml:31:5-81
	android:name
		ADDED from src\main\AndroidManifest.xml:31:22-78
uses-permission#android.permission.SET_DEBUG_APP
ADDED from src\main\AndroidManifest.xml:32:5-72
	android:name
		ADDED from src\main\AndroidManifest.xml:32:22-69
uses-permission#android.permission.SYSTEM_ALERT_WINDOW
ADDED from src\main\AndroidManifest.xml:33:5-78
	android:name
		ADDED from src\main\AndroidManifest.xml:33:22-75
uses-permission#android.permission.USE_CREDENTIALS
ADDED from src\main\AndroidManifest.xml:34:5-74
	android:name
		ADDED from src\main\AndroidManifest.xml:34:22-71
uses-permission#android.permission.CHANGE_CONFIGURATION
ADDED from src\main\AndroidManifest.xml:35:5-79
	android:name
		ADDED from src\main\AndroidManifest.xml:35:22-76
uses-permission#android.permission.WAKE_LOCK
ADDED from src\main\AndroidManifest.xml:36:5-68
	android:name
		ADDED from src\main\AndroidManifest.xml:36:22-65
application
ADDED from src\main\AndroidManifest.xml:39:5-289:19
MERGED from [com.android.support:appcompat-v7:24.2.1] AndroidManifest.xml:25:5-20
MERGED from [com.android.support:support-v4:24.2.1] AndroidManifest.xml:25:5-20
MERGED from [com.android.support:support-compat:24.2.1] AndroidManifest.xml:25:5-20
MERGED from [com.android.support:support-media-compat:24.2.1] AndroidManifest.xml:25:5-20
MERGED from [com.android.support:support-core-utils:24.2.1] AndroidManifest.xml:25:5-20
MERGED from [com.android.support:support-core-ui:24.2.1] AndroidManifest.xml:25:5-20
MERGED from [com.android.support:support-fragment:24.2.1] AndroidManifest.xml:25:5-20
MERGED from [com.android.support:support-vector-drawable:24.2.1] AndroidManifest.xml:23:5-20
MERGED from [com.android.support:animated-vector-drawable:24.2.1] AndroidManifest.xml:22:5-20
MERGED from [xuetuAS:sMSSDK:unspecified] AndroidManifest.xml:11:5-12:19
	android:label
		ADDED from src\main\AndroidManifest.xml:43:9-41
	android:allowBackup
		ADDED from src\main\AndroidManifest.xml:41:9-35
	android:icon
		ADDED from src\main\AndroidManifest.xml:42:9-45
	android:theme
		ADDED from src\main\AndroidManifest.xml:44:9-40
	android:name
		ADDED from src\main\AndroidManifest.xml:40:9-41
meta-data#com.amap.api.v2.apikey
ADDED from src\main\AndroidManifest.xml:45:9-47:64
	android:value
		ADDED from src\main\AndroidManifest.xml:47:13-61
	android:name
		ADDED from src\main\AndroidManifest.xml:46:13-50
meta-data#UMENG_APPKEY
ADDED from src\main\AndroidManifest.xml:49:9-52:21
	android:value
		ADDED from src\main\AndroidManifest.xml:51:13-53
	android:name
		ADDED from src\main\AndroidManifest.xml:50:13-40
meta-data#UMENG_CHANNEL
ADDED from src\main\AndroidManifest.xml:54:9-57:21
	android:value
		ADDED from src\main\AndroidManifest.xml:56:13-34
	android:name
		ADDED from src\main\AndroidManifest.xml:55:13-41
activity#com.xuetu.ui.SplashActivity
ADDED from src\main\AndroidManifest.xml:60:9-68:20
	android:label
		ADDED from src\main\AndroidManifest.xml:62:13-45
	android:name
		ADDED from src\main\AndroidManifest.xml:61:13-46
intent-filter#android.intent.action.MAIN+android.intent.category.LAUNCHER
ADDED from src\main\AndroidManifest.xml:63:13-67:29
action#android.intent.action.MAIN
ADDED from src\main\AndroidManifest.xml:64:17-69
	android:name
		ADDED from src\main\AndroidManifest.xml:64:25-66
category#android.intent.category.LAUNCHER
ADDED from src\main\AndroidManifest.xml:66:17-77
	android:name
		ADDED from src\main\AndroidManifest.xml:66:27-74
activity#com.mob.tools.MobUIShell
ADDED from src\main\AndroidManifest.xml:70:9-91:20
	android:screenOrientation
		ADDED from src\main\AndroidManifest.xml:73:13-49
	android:windowSoftInputMode
		ADDED from src\main\AndroidManifest.xml:75:13-67
	android:configChanges
		ADDED from src\main\AndroidManifest.xml:72:13-74
	android:theme
		ADDED from src\main\AndroidManifest.xml:74:13-72
	android:name
		ADDED from src\main\AndroidManifest.xml:71:13-52
intent-filter#android.intent.action.VIEW+android.intent.category.BROWSABLE+android.intent.category.DEFAULT
ADDED from src\main\AndroidManifest.xml:76:13-83:29
data
ADDED from src\main\AndroidManifest.xml:77:17-59
	android:scheme
		ADDED from src\main\AndroidManifest.xml:77:23-56
action#android.intent.action.VIEW
ADDED from src\main\AndroidManifest.xml:79:17-69
	android:name
		ADDED from src\main\AndroidManifest.xml:79:25-66
category#android.intent.category.BROWSABLE
ADDED from src\main\AndroidManifest.xml:81:17-78
	android:name
		ADDED from src\main\AndroidManifest.xml:81:27-75
category#android.intent.category.DEFAULT
ADDED from src\main\AndroidManifest.xml:82:17-76
	android:name
		ADDED from src\main\AndroidManifest.xml:82:27-73
intent-filter#android.intent.category.DEFAULT+com.sina.weibo.sdk.action.ACTION_SDK_REQ_ACTIVITY
ADDED from src\main\AndroidManifest.xml:86:13-90:29
action#com.sina.weibo.sdk.action.ACTION_SDK_REQ_ACTIVITY
ADDED from src\main\AndroidManifest.xml:87:17-92
	android:name
		ADDED from src\main\AndroidManifest.xml:87:25-89
activity#com.tencent.tauth.AuthActivity
ADDED from src\main\AndroidManifest.xml:96:9-108:20
	android:launchMode
		ADDED from src\main\AndroidManifest.xml:98:13-44
	android:noHistory
		ADDED from src\main\AndroidManifest.xml:99:13-37
	android:name
		ADDED from src\main\AndroidManifest.xml:97:13-58
activity#com.tencent.connect.common.AssistActivity
ADDED from src\main\AndroidManifest.xml:112:9-115:75
	android:screenOrientation
		ADDED from src\main\AndroidManifest.xml:114:13-49
	android:theme
		ADDED from src\main\AndroidManifest.xml:115:13-72
	android:name
		ADDED from src\main\AndroidManifest.xml:113:13-69
activity#com.xuetu.ui.MainActivity
ADDED from src\main\AndroidManifest.xml:117:9-120:51
	android:label
		ADDED from src\main\AndroidManifest.xml:119:13-31
	android:launchMode
		ADDED from src\main\AndroidManifest.xml:120:13-48
	android:name
		ADDED from src\main\AndroidManifest.xml:118:13-44
activity#com.xuetu.ui.TimerActivity
ADDED from src\main\AndroidManifest.xml:121:9-124:20
	android:label
		ADDED from src\main\AndroidManifest.xml:123:13-57
	android:name
		ADDED from src\main\AndroidManifest.xml:122:13-45
activity#com.xuetu.ui.RegisterActivity
ADDED from src\main\AndroidManifest.xml:125:9-128:20
	android:label
		ADDED from src\main\AndroidManifest.xml:127:13-31
	android:name
		ADDED from src\main\AndroidManifest.xml:126:13-48
activity#com.xuetu.ui.FindTaskListActivity
ADDED from src\main\AndroidManifest.xml:129:9-132:20
	android:label
		ADDED from src\main\AndroidManifest.xml:131:13-66
	android:name
		ADDED from src\main\AndroidManifest.xml:130:13-52
activity#com.xuetu.ui.CourseActivity
ADDED from src\main\AndroidManifest.xml:133:9-136:20
	android:label
		ADDED from src\main\AndroidManifest.xml:135:13-32
	android:name
		ADDED from src\main\AndroidManifest.xml:134:13-46
activity#com.xuetu.ui.activity.user.LoginActivity
ADDED from src\main\AndroidManifest.xml:137:9-141:20
	android:label
		ADDED from src\main\AndroidManifest.xml:139:13-57
	android:launchMode
		ADDED from src\main\AndroidManifest.xml:140:13-43
	android:name
		ADDED from src\main\AndroidManifest.xml:138:13-59
activity#com.xuetu.ui.FindTaskItemActivity
ADDED from src\main\AndroidManifest.xml:142:9-145:20
	android:label
		ADDED from src\main\AndroidManifest.xml:144:13-66
	android:name
		ADDED from src\main\AndroidManifest.xml:143:13-52
activity#com.xuetu.ui.ForgetPwdActivity
ADDED from src\main\AndroidManifest.xml:146:9-149:20
	android:label
		ADDED from src\main\AndroidManifest.xml:148:13-62
	android:name
		ADDED from src\main\AndroidManifest.xml:147:13-49
activity#com.xuetu.ui.Question_ask
ADDED from src\main\AndroidManifest.xml:150:9-151:20
	android:name
		ADDED from src\main\AndroidManifest.xml:150:19-50
activity#com.xuetu.ui.EditNameActivity
ADDED from src\main\AndroidManifest.xml:153:9-156:20
	android:label
		ADDED from src\main\AndroidManifest.xml:155:13-61
	android:name
		ADDED from src\main\AndroidManifest.xml:154:13-48
activity#com.xuetu.ui.AddSelfPlanActivity
ADDED from src\main\AndroidManifest.xml:157:9-160:20
	android:label
		ADDED from src\main\AndroidManifest.xml:159:13-65
	android:name
		ADDED from src\main\AndroidManifest.xml:158:13-51
activity#com.xuetu.ui.Answer_list
ADDED from src\main\AndroidManifest.xml:161:9-162:20
	android:name
		ADDED from src\main\AndroidManifest.xml:161:19-49
activity#com.xuetu.ui.ChangeAgeActivity
ADDED from src\main\AndroidManifest.xml:163:9-166:20
	android:label
		ADDED from src\main\AndroidManifest.xml:165:13-62
	android:name
		ADDED from src\main\AndroidManifest.xml:164:13-49
activity#com.xuetu.ui.ChangeGradeActivity
ADDED from src\main\AndroidManifest.xml:167:9-170:20
	android:label
		ADDED from src\main\AndroidManifest.xml:169:13-64
	android:name
		ADDED from src\main\AndroidManifest.xml:168:13-51
activity#com.xuetu.ui.ChangeSchoolActivity
ADDED from src\main\AndroidManifest.xml:171:9-174:20
	android:label
		ADDED from src\main\AndroidManifest.xml:173:13-65
	android:name
		ADDED from src\main\AndroidManifest.xml:172:13-52
activity#com.xuetu.ui.TheCollectionOfYouHuiJuanActivity
ADDED from src\main\AndroidManifest.xml:176:9-179:20
	android:label
		ADDED from src\main\AndroidManifest.xml:178:13-82
	android:name
		ADDED from src\main\AndroidManifest.xml:177:13-65
activity#com.xuetu.ui.CouponActivity
ADDED from src\main\AndroidManifest.xml:180:9-183:20
	android:label
		ADDED from src\main\AndroidManifest.xml:182:13-58
	android:name
		ADDED from src\main\AndroidManifest.xml:181:13-46
activity#com.xuetu.ui.ShowCouponActivity
ADDED from src\main\AndroidManifest.xml:184:9-187:20
	android:label
		ADDED from src\main\AndroidManifest.xml:186:13-63
	android:name
		ADDED from src\main\AndroidManifest.xml:185:13-50
activity#com.xuetu.ui.StoneNameActivity
ADDED from src\main\AndroidManifest.xml:188:9-191:20
	android:label
		ADDED from src\main\AndroidManifest.xml:190:13-62
	android:name
		ADDED from src\main\AndroidManifest.xml:189:13-49
activity#com.xuetu.ui.CouponInfoActivity
ADDED from src\main\AndroidManifest.xml:192:9-194:75
	android:theme
		ADDED from src\main\AndroidManifest.xml:194:13-72
	android:name
		ADDED from src\main\AndroidManifest.xml:193:13-50
activity#com.xuetu.ui.ExchangeCouponActivity
ADDED from src\main\AndroidManifest.xml:195:9-197:70
	android:label
		ADDED from src\main\AndroidManifest.xml:197:13-67
	android:name
		ADDED from src\main\AndroidManifest.xml:196:13-54
activity#com.xuetu.ui.YouHuiJuanInfomationActivity
ADDED from src\main\AndroidManifest.xml:198:9-201:20
	android:label
		ADDED from src\main\AndroidManifest.xml:200:13-75
	android:name
		ADDED from src\main\AndroidManifest.xml:199:13-60
activity#com.xuetu.ui.WoDeShouCangActivity
ADDED from src\main\AndroidManifest.xml:202:9-205:20
	android:label
		ADDED from src\main\AndroidManifest.xml:204:13-67
	android:name
		ADDED from src\main\AndroidManifest.xml:203:13-52
activity#com.xuetu.ui.LearingRecordActivity
ADDED from src\main\AndroidManifest.xml:206:9-209:20
	android:label
		ADDED from src\main\AndroidManifest.xml:208:13-66
	android:name
		ADDED from src\main\AndroidManifest.xml:207:13-53
activity#com.xuetu.ui.PaiHangBangActivity
ADDED from src\main\AndroidManifest.xml:210:9-213:20
	android:label
		ADDED from src\main\AndroidManifest.xml:212:13-65
	android:name
		ADDED from src\main\AndroidManifest.xml:211:13-51
activity#com.xuetu.ui.EditSignerActivity
ADDED from src\main\AndroidManifest.xml:214:9-217:20
	android:label
		ADDED from src\main\AndroidManifest.xml:216:13-63
	android:name
		ADDED from src\main\AndroidManifest.xml:215:13-50
activity#com.xuetu.ui.SettingActivity
ADDED from src\main\AndroidManifest.xml:219:9-222:20
	android:label
		ADDED from src\main\AndroidManifest.xml:221:13-59
	android:name
		ADDED from src\main\AndroidManifest.xml:220:13-47
activity#com.xuetu.ui.PersonalQuestionCollectionActivity
ADDED from src\main\AndroidManifest.xml:223:9-224:20
	android:name
		ADDED from src\main\AndroidManifest.xml:223:19-72
activity#com.xuetu.ui.PointliShiActivity
ADDED from src\main\AndroidManifest.xml:225:9-228:20
	android:label
		ADDED from src\main\AndroidManifest.xml:227:13-63
	android:name
		ADDED from src\main\AndroidManifest.xml:226:13-50
activity#com.xuetu.ui.JiFenXiangQingActivity
ADDED from src\main\AndroidManifest.xml:230:9-233:20
	android:label
		ADDED from src\main\AndroidManifest.xml:232:13-69
	android:name
		ADDED from src\main\AndroidManifest.xml:231:13-54
service#com.xuetu.services.MyServices
ADDED from src\main\AndroidManifest.xml:237:9-238:19
	android:name
		ADDED from src\main\AndroidManifest.xml:237:18-53
activity#com.xuetu.ui.DaoJiShiActivity
ADDED from src\main\AndroidManifest.xml:240:9-243:20
	android:label
		ADDED from src\main\AndroidManifest.xml:242:13-62
	android:name
		ADDED from src\main\AndroidManifest.xml:241:13-48
activity#com.xuetu.ui.AddCountDownActivity
ADDED from src\main\AndroidManifest.xml:244:9-247:20
	android:label
		ADDED from src\main\AndroidManifest.xml:246:13-67
	android:name
		ADDED from src\main\AndroidManifest.xml:245:13-52
activity#com.xuetu.ui.EditCountdownActivity
ADDED from src\main\AndroidManifest.xml:248:9-251:20
	android:label
		ADDED from src\main\AndroidManifest.xml:250:13-66
	android:name
		ADDED from src\main\AndroidManifest.xml:249:13-53
activity#com.xuetu.ui.YinDaoyeActivity
ADDED from src\main\AndroidManifest.xml:253:9-256:20
	android:label
		ADDED from src\main\AndroidManifest.xml:255:13-61
	android:name
		ADDED from src\main\AndroidManifest.xml:254:13-48
activity#com.xuetu.ui.UserInfomationActivity
ADDED from src\main\AndroidManifest.xml:257:9-260:20
	android:label
		ADDED from src\main\AndroidManifest.xml:259:13-67
	android:name
		ADDED from src\main\AndroidManifest.xml:258:13-54
activity#com.xuetu.ui.UserQuestionInfomationActivity
ADDED from src\main\AndroidManifest.xml:261:9-264:20
	android:label
		ADDED from src\main\AndroidManifest.xml:263:13-76
	android:name
		ADDED from src\main\AndroidManifest.xml:262:13-62
activity#com.xuetu.ui.ShowerweiActivity
ADDED from src\main\AndroidManifest.xml:265:9-269:20
	android:label
		ADDED from src\main\AndroidManifest.xml:267:13-61
	android:theme
		ADDED from src\main\AndroidManifest.xml:268:13-70
	android:name
		ADDED from src\main\AndroidManifest.xml:266:13-49
activity#com.xuetu.ui.UserAnswerInformationActivity
ADDED from src\main\AndroidManifest.xml:270:9-273:20
	android:label
		ADDED from src\main\AndroidManifest.xml:272:13-75
	android:name
		ADDED from src\main\AndroidManifest.xml:271:13-61
activity#com.xuetu.ui.ShowTimeActivity
ADDED from src\main\AndroidManifest.xml:274:9-277:20
	android:label
		ADDED from src\main\AndroidManifest.xml:276:13-61
	android:name
		ADDED from src\main\AndroidManifest.xml:275:13-48
activity#com.xuetu.SelectSchoolActivity
ADDED from src\main\AndroidManifest.xml:278:9-281:20
	android:label
		ADDED from src\main\AndroidManifest.xml:280:13-65
	android:name
		ADDED from src\main\AndroidManifest.xml:279:13-49
activity#com.xuetu.HelpActivity
ADDED from src\main\AndroidManifest.xml:282:9-285:20
	android:label
		ADDED from src\main\AndroidManifest.xml:284:13-56
	android:name
		ADDED from src\main\AndroidManifest.xml:283:13-41
service#com.amap.api.location.APSService
ADDED from src\main\AndroidManifest.xml:287:9-288:19
	android:name
		ADDED from src\main\AndroidManifest.xml:287:18-65